The system is: CYGWIN - 2.8.2(0.313/5/3) - i686
Compiling the C compiler identification source file "CMakeCCompilerId.c" succeeded.
Compiler: /usr/bin/cc 
Build flags: 
Id flags: 

The output was:
0


Compilation of the C compiler identification source "CMakeCCompilerId.c" produced "a.exe"

The C compiler identification is GNU, found in "/cygdrive/d/Seafile/Workspace/MyProject/WCET/WCET/otawa-win32/gel/CMakeFiles/3.6.2/CompilerIdC/a.exe"

Compiling the CXX compiler identification source file "CMakeCXXCompilerId.cpp" succeeded.
Compiler: /usr/bin/c++.exe 
Build flags: 
Id flags: 

The output was:
0


Compilation of the CXX compiler identification source "CMakeCXXCompilerId.cpp" produced "a.exe"

The CXX compiler identification is GNU, found in "/cygdrive/d/Seafile/Workspace/MyProject/WCET/WCET/otawa-win32/gel/CMakeFiles/3.6.2/CompilerIdCXX/a.exe"

Determining if the C compiler works passed with the following output:
Change Dir: /cygdrive/d/Seafile/Workspace/MyProject/WCET/WCET/otawa-win32/gel/CMakeFiles/CMakeTmp

Run Build Command:"/usr/bin/make.exe" "cmTC_d00a8/fast"
/usr/bin/make -f CMakeFiles/cmTC_d00a8.dir/build.make CMakeFiles/cmTC_d00a8.dir/build
make[1]: 进入目录“/cygdrive/d/Seafile/Workspace/MyProject/WCET/WCET/otawa-win32/gel/CMakeFiles/CMakeTmp”
Building C object CMakeFiles/cmTC_d00a8.dir/testCCompiler.c.o
/usr/bin/cc     -o CMakeFiles/cmTC_d00a8.dir/testCCompiler.c.o   -c /cygdrive/d/Seafile/Workspace/MyProject/WCET/WCET/otawa-win32/gel/CMakeFiles/CMakeTmp/testCCompiler.c
Linking C executable cmTC_d00a8.exe
/usr/bin/cmake.exe -E cmake_link_script CMakeFiles/cmTC_d00a8.dir/link.txt --verbose=1
/usr/bin/cc     -Wl,--enable-auto-import  CMakeFiles/cmTC_d00a8.dir/testCCompiler.c.o  -o cmTC_d00a8.exe -Wl,--out-implib,libcmTC_d00a8.dll.a -Wl,--major-image-version,0,--minor-image-version,0  
make[1]: 离开目录“/cygdrive/d/Seafile/Workspace/MyProject/WCET/WCET/otawa-win32/gel/CMakeFiles/CMakeTmp”


Detecting C compiler ABI info compiled with the following output:
Change Dir: /cygdrive/d/Seafile/Workspace/MyProject/WCET/WCET/otawa-win32/gel/CMakeFiles/CMakeTmp

Run Build Command:"/usr/bin/make.exe" "cmTC_35d02/fast"
/usr/bin/make -f CMakeFiles/cmTC_35d02.dir/build.make CMakeFiles/cmTC_35d02.dir/build
make[1]: 进入目录“/cygdrive/d/Seafile/Workspace/MyProject/WCET/WCET/otawa-win32/gel/CMakeFiles/CMakeTmp”
Building C object CMakeFiles/cmTC_35d02.dir/CMakeCCompilerABI.c.o
/usr/bin/cc     -o CMakeFiles/cmTC_35d02.dir/CMakeCCompilerABI.c.o   -c /usr/share/cmake-3.6.2/Modules/CMakeCCompilerABI.c
Linking C executable cmTC_35d02.exe
/usr/bin/cmake.exe -E cmake_link_script CMakeFiles/cmTC_35d02.dir/link.txt --verbose=1
/usr/bin/cc     -Wl,--enable-auto-import -v CMakeFiles/cmTC_35d02.dir/CMakeCCompilerABI.c.o  -o cmTC_35d02.exe -Wl,--out-implib,libcmTC_35d02.dll.a -Wl,--major-image-version,0,--minor-image-version,0   
使用内建 specs。
COLLECT_GCC=/usr/bin/cc
COLLECT_LTO_WRAPPER=/usr/lib/gcc/i686-pc-cygwin/5.4.0/lto-wrapper.exe
目标：i686-pc-cygwin
配置为：/cygdrive/i/szsz/tmpp/gcc/gcc-5.4.0-1.i686/src/gcc-5.4.0/configure --srcdir=/cygdrive/i/szsz/tmpp/gcc/gcc-5.4.0-1.i686/src/gcc-5.4.0 --prefix=/usr --exec-prefix=/usr --localstatedir=/var --sysconfdir=/etc --docdir=/usr/share/doc/gcc --htmldir=/usr/share/doc/gcc/html -C --build=i686-pc-cygwin --host=i686-pc-cygwin --target=i686-pc-cygwin --without-libiconv-prefix --without-libintl-prefix --libexecdir=/usr/lib --enable-shared --enable-shared-libgcc --enable-static --enable-version-specific-runtime-libs --enable-bootstrap --enable-__cxa_atexit --with-dwarf2 --with-arch=i686 --with-tune=generic --disable-sjlj-exceptions --enable-languages=ada,c,c++,fortran,java,lto,objc,obj-c++ --enable-graphite --enable-threads=posix --enable-libatomic --enable-libcilkrts --enable-libgomp --enable-libitm --enable-libquadmath --enable-libquadmath-support --enable-libssp --enable-libada --enable-libjava --enable-libgcj-sublibs --disable-java-awt --disable-symvers --with-ecj-jar=/usr/share/java/ecj.jar --with-gnu-ld --with-gnu-as --with-cloog-include=/usr/include/cloog-isl --without-libiconv-prefix --without-libintl-prefix --with-system-zlib --enable-linker-build-id --with-default-libstdcxx-abi=gcc4-compatible
线程模型：posix
gcc 版本 5.4.0 (GCC) 
COMPILER_PATH=/usr/lib/gcc/i686-pc-cygwin/5.4.0/:/usr/lib/gcc/i686-pc-cygwin/5.4.0/:/usr/lib/gcc/i686-pc-cygwin/:/usr/lib/gcc/i686-pc-cygwin/5.4.0/:/usr/lib/gcc/i686-pc-cygwin/:/usr/lib/gcc/i686-pc-cygwin/5.4.0/../../../../i686-pc-cygwin/bin/
LIBRARY_PATH=/usr/lib/gcc/i686-pc-cygwin/5.4.0/:/usr/lib/gcc/i686-pc-cygwin/5.4.0/../../../../i686-pc-cygwin/lib/:/usr/lib/gcc/i686-pc-cygwin/5.4.0/../../../:/lib/:/usr/lib/
COLLECT_GCC_OPTIONS='-v' '-o' 'cmTC_35d02.exe' '-mtune=generic' '-march=i686'
 /usr/lib/gcc/i686-pc-cygwin/5.4.0/collect2.exe -plugin /usr/lib/gcc/i686-pc-cygwin/5.4.0/cyglto_plugin.dll -plugin-opt=/usr/lib/gcc/i686-pc-cygwin/5.4.0/lto-wrapper.exe -plugin-opt=-fresolution=/tmp/cc1DYwGE.res -plugin-opt=-pass-through=-lgcc_s -plugin-opt=-pass-through=-lgcc -plugin-opt=-pass-through=-lcygwin -plugin-opt=-pass-through=-ladvapi32 -plugin-opt=-pass-through=-lshell32 -plugin-opt=-pass-through=-luser32 -plugin-opt=-pass-through=-lkernel32 -plugin-opt=-pass-through=-lgcc_s -plugin-opt=-pass-through=-lgcc --build-id --wrap _Znwj --wrap _Znaj --wrap _ZdlPv --wrap _ZdaPv --wrap _ZnwjRKSt9nothrow_t --wrap _ZnajRKSt9nothrow_t --wrap _ZdlPvRKSt9nothrow_t --wrap _ZdaPvRKSt9nothrow_t -Bdynamic --dll-search-prefix=cyg --large-address-aware --tsaware -o cmTC_35d02.exe /usr/lib/gcc/i686-pc-cygwin/5.4.0/../../../crt0.o /usr/lib/gcc/i686-pc-cygwin/5.4.0/crtbegin.o -L/usr/lib/gcc/i686-pc-cygwin/5.4.0 -L/usr/lib/gcc/i686-pc-cygwin/5.4.0/../../../../i686-pc-cygwin/lib -L/usr/lib/gcc/i686-pc-cygwin/5.4.0/../../.. --enable-auto-import CMakeFiles/cmTC_35d02.dir/CMakeCCompilerABI.c.o --out-implib libcmTC_35d02.dll.a --major-image-version 0 --minor-image-version 0 -lgcc_s -lgcc -lcygwin -ladvapi32 -lshell32 -luser32 -lkernel32 -lgcc_s -lgcc /usr/lib/gcc/i686-pc-cygwin/5.4.0/../../../default-manifest.o /usr/lib/gcc/i686-pc-cygwin/5.4.0/crtend.o
make[1]: 离开目录“/cygdrive/d/Seafile/Workspace/MyProject/WCET/WCET/otawa-win32/gel/CMakeFiles/CMakeTmp”


Parsed C implicit link information from above output:
  link line regex: [^( *|.*[/\])(ld\.exe|([^/\]+-)?ld|collect2)[^/\]*( |$)]
  ignore line: [Change Dir: /cygdrive/d/Seafile/Workspace/MyProject/WCET/WCET/otawa-win32/gel/CMakeFiles/CMakeTmp]
  ignore line: []
  ignore line: [Run Build Command:"/usr/bin/make.exe" "cmTC_35d02/fast"]
  ignore line: [/usr/bin/make -f CMakeFiles/cmTC_35d02.dir/build.make CMakeFiles/cmTC_35d02.dir/build]
  ignore line: [make[1]: 进入目录“/cygdrive/d/Seafile/Workspace/MyProject/WCET/WCET/otawa-win32/gel/CMakeFiles/CMakeTmp”]
  ignore line: [Building C object CMakeFiles/cmTC_35d02.dir/CMakeCCompilerABI.c.o]
  ignore line: [/usr/bin/cc     -o CMakeFiles/cmTC_35d02.dir/CMakeCCompilerABI.c.o   -c /usr/share/cmake-3.6.2/Modules/CMakeCCompilerABI.c]
  ignore line: [Linking C executable cmTC_35d02.exe]
  ignore line: [/usr/bin/cmake.exe -E cmake_link_script CMakeFiles/cmTC_35d02.dir/link.txt --verbose=1]
  ignore line: [/usr/bin/cc     -Wl,--enable-auto-import -v CMakeFiles/cmTC_35d02.dir/CMakeCCompilerABI.c.o  -o cmTC_35d02.exe -Wl,--out-implib,libcmTC_35d02.dll.a -Wl,--major-image-version,0,--minor-image-version,0   ]
  ignore line: [使用内建 specs。]
  ignore line: [COLLECT_GCC=/usr/bin/cc]
  ignore line: [COLLECT_LTO_WRAPPER=/usr/lib/gcc/i686-pc-cygwin/5.4.0/lto-wrapper.exe]
  ignore line: [目标：i686-pc-cygwin]
  ignore line: [配置为：/cygdrive/i/szsz/tmpp/gcc/gcc-5.4.0-1.i686/src/gcc-5.4.0/configure --srcdir=/cygdrive/i/szsz/tmpp/gcc/gcc-5.4.0-1.i686/src/gcc-5.4.0 --prefix=/usr --exec-prefix=/usr --localstatedir=/var --sysconfdir=/etc --docdir=/usr/share/doc/gcc --htmldir=/usr/share/doc/gcc/html -C --build=i686-pc-cygwin --host=i686-pc-cygwin --target=i686-pc-cygwin --without-libiconv-prefix --without-libintl-prefix --libexecdir=/usr/lib --enable-shared --enable-shared-libgcc --enable-static --enable-version-specific-runtime-libs --enable-bootstrap --enable-__cxa_atexit --with-dwarf2 --with-arch=i686 --with-tune=generic --disable-sjlj-exceptions --enable-languages=ada,c,c++,fortran,java,lto,objc,obj-c++ --enable-graphite --enable-threads=posix --enable-libatomic --enable-libcilkrts --enable-libgomp --enable-libitm --enable-libquadmath --enable-libquadmath-support --enable-libssp --enable-libada --enable-libjava --enable-libgcj-sublibs --disable-java-awt --disable-symvers --with-ecj-jar=/usr/share/java/ecj.jar --with-gnu-ld --with-gnu-as --with-cloog-include=/usr/include/cloog-isl --without-libiconv-prefix --without-libintl-prefix --with-system-zlib --enable-linker-build-id --with-default-libstdcxx-abi=gcc4-compatible]
  ignore line: [线程模型：posix]
  ignore line: [gcc 版本 5.4.0 (GCC) ]
  ignore line: [COMPILER_PATH=/usr/lib/gcc/i686-pc-cygwin/5.4.0/:/usr/lib/gcc/i686-pc-cygwin/5.4.0/:/usr/lib/gcc/i686-pc-cygwin/:/usr/lib/gcc/i686-pc-cygwin/5.4.0/:/usr/lib/gcc/i686-pc-cygwin/:/usr/lib/gcc/i686-pc-cygwin/5.4.0/../../../../i686-pc-cygwin/bin/]
  ignore line: [LIBRARY_PATH=/usr/lib/gcc/i686-pc-cygwin/5.4.0/:/usr/lib/gcc/i686-pc-cygwin/5.4.0/../../../../i686-pc-cygwin/lib/:/usr/lib/gcc/i686-pc-cygwin/5.4.0/../../../:/lib/:/usr/lib/]
  ignore line: [COLLECT_GCC_OPTIONS='-v' '-o' 'cmTC_35d02.exe' '-mtune=generic' '-march=i686']
  link line: [ /usr/lib/gcc/i686-pc-cygwin/5.4.0/collect2.exe -plugin /usr/lib/gcc/i686-pc-cygwin/5.4.0/cyglto_plugin.dll -plugin-opt=/usr/lib/gcc/i686-pc-cygwin/5.4.0/lto-wrapper.exe -plugin-opt=-fresolution=/tmp/cc1DYwGE.res -plugin-opt=-pass-through=-lgcc_s -plugin-opt=-pass-through=-lgcc -plugin-opt=-pass-through=-lcygwin -plugin-opt=-pass-through=-ladvapi32 -plugin-opt=-pass-through=-lshell32 -plugin-opt=-pass-through=-luser32 -plugin-opt=-pass-through=-lkernel32 -plugin-opt=-pass-through=-lgcc_s -plugin-opt=-pass-through=-lgcc --build-id --wrap _Znwj --wrap _Znaj --wrap _ZdlPv --wrap _ZdaPv --wrap _ZnwjRKSt9nothrow_t --wrap _ZnajRKSt9nothrow_t --wrap _ZdlPvRKSt9nothrow_t --wrap _ZdaPvRKSt9nothrow_t -Bdynamic --dll-search-prefix=cyg --large-address-aware --tsaware -o cmTC_35d02.exe /usr/lib/gcc/i686-pc-cygwin/5.4.0/../../../crt0.o /usr/lib/gcc/i686-pc-cygwin/5.4.0/crtbegin.o -L/usr/lib/gcc/i686-pc-cygwin/5.4.0 -L/usr/lib/gcc/i686-pc-cygwin/5.4.0/../../../../i686-pc-cygwin/lib -L/usr/lib/gcc/i686-pc-cygwin/5.4.0/../../.. --enable-auto-import CMakeFiles/cmTC_35d02.dir/CMakeCCompilerABI.c.o --out-implib libcmTC_35d02.dll.a --major-image-version 0 --minor-image-version 0 -lgcc_s -lgcc -lcygwin -ladvapi32 -lshell32 -luser32 -lkernel32 -lgcc_s -lgcc /usr/lib/gcc/i686-pc-cygwin/5.4.0/../../../default-manifest.o /usr/lib/gcc/i686-pc-cygwin/5.4.0/crtend.o]
    arg [/usr/lib/gcc/i686-pc-cygwin/5.4.0/collect2.exe] ==> ignore
    arg [-plugin] ==> ignore
    arg [/usr/lib/gcc/i686-pc-cygwin/5.4.0/cyglto_plugin.dll] ==> ignore
    arg [-plugin-opt=/usr/lib/gcc/i686-pc-cygwin/5.4.0/lto-wrapper.exe] ==> ignore
    arg [-plugin-opt=-fresolution=/tmp/cc1DYwGE.res] ==> ignore
    arg [-plugin-opt=-pass-through=-lgcc_s] ==> ignore
    arg [-plugin-opt=-pass-through=-lgcc] ==> ignore
    arg [-plugin-opt=-pass-through=-lcygwin] ==> ignore
    arg [-plugin-opt=-pass-through=-ladvapi32] ==> ignore
    arg [-plugin-opt=-pass-through=-lshell32] ==> ignore
    arg [-plugin-opt=-pass-through=-luser32] ==> ignore
    arg [-plugin-opt=-pass-through=-lkernel32] ==> ignore
    arg [-plugin-opt=-pass-through=-lgcc_s] ==> ignore
    arg [-plugin-opt=-pass-through=-lgcc] ==> ignore
    arg [--build-id] ==> ignore
    arg [--wrap] ==> ignore
    arg [_Znwj] ==> ignore
    arg [--wrap] ==> ignore
    arg [_Znaj] ==> ignore
    arg [--wrap] ==> ignore
    arg [_ZdlPv] ==> ignore
    arg [--wrap] ==> ignore
    arg [_ZdaPv] ==> ignore
    arg [--wrap] ==> ignore
    arg [_ZnwjRKSt9nothrow_t] ==> ignore
    arg [--wrap] ==> ignore
    arg [_ZnajRKSt9nothrow_t] ==> ignore
    arg [--wrap] ==> ignore
    arg [_ZdlPvRKSt9nothrow_t] ==> ignore
    arg [--wrap] ==> ignore
    arg [_ZdaPvRKSt9nothrow_t] ==> ignore
    arg [-Bdynamic] ==> ignore
    arg [--dll-search-prefix=cyg] ==> ignore
    arg [--large-address-aware] ==> ignore
    arg [--tsaware] ==> ignore
    arg [-o] ==> ignore
    arg [cmTC_35d02.exe] ==> ignore
    arg [/usr/lib/gcc/i686-pc-cygwin/5.4.0/../../../crt0.o] ==> ignore
    arg [/usr/lib/gcc/i686-pc-cygwin/5.4.0/crtbegin.o] ==> ignore
    arg [-L/usr/lib/gcc/i686-pc-cygwin/5.4.0] ==> dir [/usr/lib/gcc/i686-pc-cygwin/5.4.0]
    arg [-L/usr/lib/gcc/i686-pc-cygwin/5.4.0/../../../../i686-pc-cygwin/lib] ==> dir [/usr/lib/gcc/i686-pc-cygwin/5.4.0/../../../../i686-pc-cygwin/lib]
    arg [-L/usr/lib/gcc/i686-pc-cygwin/5.4.0/../../..] ==> dir [/usr/lib/gcc/i686-pc-cygwin/5.4.0/../../..]
    arg [--enable-auto-import] ==> ignore
    arg [CMakeFiles/cmTC_35d02.dir/CMakeCCompilerABI.c.o] ==> ignore
    arg [--out-implib] ==> ignore
    arg [libcmTC_35d02.dll.a] ==> ignore
    arg [--major-image-version] ==> ignore
    arg [0] ==> ignore
    arg [--minor-image-version] ==> ignore
    arg [0] ==> ignore
    arg [-lgcc_s] ==> lib [gcc_s]
    arg [-lgcc] ==> lib [gcc]
    arg [-lcygwin] ==> lib [cygwin]
    arg [-ladvapi32] ==> lib [advapi32]
    arg [-lshell32] ==> lib [shell32]
    arg [-luser32] ==> lib [user32]
    arg [-lkernel32] ==> lib [kernel32]
    arg [-lgcc_s] ==> lib [gcc_s]
    arg [-lgcc] ==> lib [gcc]
    arg [/usr/lib/gcc/i686-pc-cygwin/5.4.0/../../../default-manifest.o] ==> ignore
    arg [/usr/lib/gcc/i686-pc-cygwin/5.4.0/crtend.o] ==> ignore
  remove lib [gcc_s]
  remove lib [gcc]
  remove lib [gcc_s]
  remove lib [gcc]
  collapse library dir [/usr/lib/gcc/i686-pc-cygwin/5.4.0] ==> [/usr/lib/gcc/i686-pc-cygwin/5.4.0]
  collapse library dir [/usr/lib/gcc/i686-pc-cygwin/5.4.0/../../../../i686-pc-cygwin/lib] ==> [/usr/i686-pc-cygwin/lib]
  collapse library dir [/usr/lib/gcc/i686-pc-cygwin/5.4.0/../../..] ==> [/usr/lib]
  implicit libs: [cygwin;advapi32;shell32;user32;kernel32]
  implicit dirs: [/usr/lib/gcc/i686-pc-cygwin/5.4.0;/usr/i686-pc-cygwin/lib;/usr/lib]
  implicit fwks: []




Detecting C [-std=c11] compiler features compiled with the following output:
Change Dir: /cygdrive/d/Seafile/Workspace/MyProject/WCET/WCET/otawa-win32/gel/CMakeFiles/CMakeTmp

Run Build Command:"/usr/bin/make.exe" "cmTC_23d4b/fast"
/usr/bin/make -f CMakeFiles/cmTC_23d4b.dir/build.make CMakeFiles/cmTC_23d4b.dir/build
make[1]: 进入目录“/cygdrive/d/Seafile/Workspace/MyProject/WCET/WCET/otawa-win32/gel/CMakeFiles/CMakeTmp”
Building C object CMakeFiles/cmTC_23d4b.dir/feature_tests.c.o
/usr/bin/cc    -std=c11 -o CMakeFiles/cmTC_23d4b.dir/feature_tests.c.o   -c /cygdrive/d/Seafile/Workspace/MyProject/WCET/WCET/otawa-win32/gel/CMakeFiles/feature_tests.c
Linking C executable cmTC_23d4b.exe
/usr/bin/cmake.exe -E cmake_link_script CMakeFiles/cmTC_23d4b.dir/link.txt --verbose=1
/usr/bin/cc     -Wl,--enable-auto-import  CMakeFiles/cmTC_23d4b.dir/feature_tests.c.o  -o cmTC_23d4b.exe -Wl,--out-implib,libcmTC_23d4b.dll.a -Wl,--major-image-version,0,--minor-image-version,0  
make[1]: 离开目录“/cygdrive/d/Seafile/Workspace/MyProject/WCET/WCET/otawa-win32/gel/CMakeFiles/CMakeTmp”


    Feature record: C_FEATURE:1c_function_prototypes
    Feature record: C_FEATURE:1c_restrict
    Feature record: C_FEATURE:1c_static_assert
    Feature record: C_FEATURE:1c_variadic_macros


Detecting C [-std=c99] compiler features compiled with the following output:
Change Dir: /cygdrive/d/Seafile/Workspace/MyProject/WCET/WCET/otawa-win32/gel/CMakeFiles/CMakeTmp

Run Build Command:"/usr/bin/make.exe" "cmTC_d7419/fast"
/usr/bin/make -f CMakeFiles/cmTC_d7419.dir/build.make CMakeFiles/cmTC_d7419.dir/build
make[1]: 进入目录“/cygdrive/d/Seafile/Workspace/MyProject/WCET/WCET/otawa-win32/gel/CMakeFiles/CMakeTmp”
Building C object CMakeFiles/cmTC_d7419.dir/feature_tests.c.o
/usr/bin/cc    -std=c99 -o CMakeFiles/cmTC_d7419.dir/feature_tests.c.o   -c /cygdrive/d/Seafile/Workspace/MyProject/WCET/WCET/otawa-win32/gel/CMakeFiles/feature_tests.c
Linking C executable cmTC_d7419.exe
/usr/bin/cmake.exe -E cmake_link_script CMakeFiles/cmTC_d7419.dir/link.txt --verbose=1
/usr/bin/cc     -Wl,--enable-auto-import  CMakeFiles/cmTC_d7419.dir/feature_tests.c.o  -o cmTC_d7419.exe -Wl,--out-implib,libcmTC_d7419.dll.a -Wl,--major-image-version,0,--minor-image-version,0  
make[1]: 离开目录“/cygdrive/d/Seafile/Workspace/MyProject/WCET/WCET/otawa-win32/gel/CMakeFiles/CMakeTmp”


    Feature record: C_FEATURE:1c_function_prototypes
    Feature record: C_FEATURE:1c_restrict
    Feature record: C_FEATURE:0c_static_assert
    Feature record: C_FEATURE:1c_variadic_macros


Detecting C [-std=c90] compiler features compiled with the following output:
Change Dir: /cygdrive/d/Seafile/Workspace/MyProject/WCET/WCET/otawa-win32/gel/CMakeFiles/CMakeTmp

Run Build Command:"/usr/bin/make.exe" "cmTC_89cab/fast"
/usr/bin/make -f CMakeFiles/cmTC_89cab.dir/build.make CMakeFiles/cmTC_89cab.dir/build
make[1]: 进入目录“/cygdrive/d/Seafile/Workspace/MyProject/WCET/WCET/otawa-win32/gel/CMakeFiles/CMakeTmp”
Building C object CMakeFiles/cmTC_89cab.dir/feature_tests.c.o
/usr/bin/cc    -std=c90 -o CMakeFiles/cmTC_89cab.dir/feature_tests.c.o   -c /cygdrive/d/Seafile/Workspace/MyProject/WCET/WCET/otawa-win32/gel/CMakeFiles/feature_tests.c
Linking C executable cmTC_89cab.exe
/usr/bin/cmake.exe -E cmake_link_script CMakeFiles/cmTC_89cab.dir/link.txt --verbose=1
/usr/bin/cc     -Wl,--enable-auto-import  CMakeFiles/cmTC_89cab.dir/feature_tests.c.o  -o cmTC_89cab.exe -Wl,--out-implib,libcmTC_89cab.dll.a -Wl,--major-image-version,0,--minor-image-version,0  
make[1]: 离开目录“/cygdrive/d/Seafile/Workspace/MyProject/WCET/WCET/otawa-win32/gel/CMakeFiles/CMakeTmp”


    Feature record: C_FEATURE:1c_function_prototypes
    Feature record: C_FEATURE:0c_restrict
    Feature record: C_FEATURE:0c_static_assert
    Feature record: C_FEATURE:0c_variadic_macros
Determining if the CXX compiler works passed with the following output:
Change Dir: /cygdrive/d/Seafile/Workspace/MyProject/WCET/WCET/otawa-win32/gel/CMakeFiles/CMakeTmp

Run Build Command:"/usr/bin/make.exe" "cmTC_d284a/fast"
/usr/bin/make -f CMakeFiles/cmTC_d284a.dir/build.make CMakeFiles/cmTC_d284a.dir/build
make[1]: 进入目录“/cygdrive/d/Seafile/Workspace/MyProject/WCET/WCET/otawa-win32/gel/CMakeFiles/CMakeTmp”
Building CXX object CMakeFiles/cmTC_d284a.dir/testCXXCompiler.cxx.o
/usr/bin/c++.exe      -o CMakeFiles/cmTC_d284a.dir/testCXXCompiler.cxx.o -c /cygdrive/d/Seafile/Workspace/MyProject/WCET/WCET/otawa-win32/gel/CMakeFiles/CMakeTmp/testCXXCompiler.cxx
Linking CXX executable cmTC_d284a.exe
/usr/bin/cmake.exe -E cmake_link_script CMakeFiles/cmTC_d284a.dir/link.txt --verbose=1
/usr/bin/c++.exe     -Wl,--enable-auto-import  CMakeFiles/cmTC_d284a.dir/testCXXCompiler.cxx.o  -o cmTC_d284a.exe -Wl,--out-implib,libcmTC_d284a.dll.a -Wl,--major-image-version,0,--minor-image-version,0  
make[1]: 离开目录“/cygdrive/d/Seafile/Workspace/MyProject/WCET/WCET/otawa-win32/gel/CMakeFiles/CMakeTmp”


Detecting CXX compiler ABI info compiled with the following output:
Change Dir: /cygdrive/d/Seafile/Workspace/MyProject/WCET/WCET/otawa-win32/gel/CMakeFiles/CMakeTmp

Run Build Command:"/usr/bin/make.exe" "cmTC_dd34a/fast"
/usr/bin/make -f CMakeFiles/cmTC_dd34a.dir/build.make CMakeFiles/cmTC_dd34a.dir/build
make[1]: 进入目录“/cygdrive/d/Seafile/Workspace/MyProject/WCET/WCET/otawa-win32/gel/CMakeFiles/CMakeTmp”
Building CXX object CMakeFiles/cmTC_dd34a.dir/CMakeCXXCompilerABI.cpp.o
/usr/bin/c++.exe      -o CMakeFiles/cmTC_dd34a.dir/CMakeCXXCompilerABI.cpp.o -c /usr/share/cmake-3.6.2/Modules/CMakeCXXCompilerABI.cpp
Linking CXX executable cmTC_dd34a.exe
/usr/bin/cmake.exe -E cmake_link_script CMakeFiles/cmTC_dd34a.dir/link.txt --verbose=1
/usr/bin/c++.exe     -Wl,--enable-auto-import -v CMakeFiles/cmTC_dd34a.dir/CMakeCXXCompilerABI.cpp.o  -o cmTC_dd34a.exe -Wl,--out-implib,libcmTC_dd34a.dll.a -Wl,--major-image-version,0,--minor-image-version,0   
使用内建 specs。
COLLECT_GCC=/usr/bin/c++
COLLECT_LTO_WRAPPER=/usr/lib/gcc/i686-pc-cygwin/5.4.0/lto-wrapper.exe
目标：i686-pc-cygwin
配置为：/cygdrive/i/szsz/tmpp/gcc/gcc-5.4.0-1.i686/src/gcc-5.4.0/configure --srcdir=/cygdrive/i/szsz/tmpp/gcc/gcc-5.4.0-1.i686/src/gcc-5.4.0 --prefix=/usr --exec-prefix=/usr --localstatedir=/var --sysconfdir=/etc --docdir=/usr/share/doc/gcc --htmldir=/usr/share/doc/gcc/html -C --build=i686-pc-cygwin --host=i686-pc-cygwin --target=i686-pc-cygwin --without-libiconv-prefix --without-libintl-prefix --libexecdir=/usr/lib --enable-shared --enable-shared-libgcc --enable-static --enable-version-specific-runtime-libs --enable-bootstrap --enable-__cxa_atexit --with-dwarf2 --with-arch=i686 --with-tune=generic --disable-sjlj-exceptions --enable-languages=ada,c,c++,fortran,java,lto,objc,obj-c++ --enable-graphite --enable-threads=posix --enable-libatomic --enable-libcilkrts --enable-libgomp --enable-libitm --enable-libquadmath --enable-libquadmath-support --enable-libssp --enable-libada --enable-libjava --enable-libgcj-sublibs --disable-java-awt --disable-symvers --with-ecj-jar=/usr/share/java/ecj.jar --with-gnu-ld --with-gnu-as --with-cloog-include=/usr/include/cloog-isl --without-libiconv-prefix --without-libintl-prefix --with-system-zlib --enable-linker-build-id --with-default-libstdcxx-abi=gcc4-compatible
线程模型：posix
gcc 版本 5.4.0 (GCC) 
COMPILER_PATH=/usr/lib/gcc/i686-pc-cygwin/5.4.0/:/usr/lib/gcc/i686-pc-cygwin/5.4.0/:/usr/lib/gcc/i686-pc-cygwin/:/usr/lib/gcc/i686-pc-cygwin/5.4.0/:/usr/lib/gcc/i686-pc-cygwin/:/usr/lib/gcc/i686-pc-cygwin/5.4.0/../../../../i686-pc-cygwin/bin/
LIBRARY_PATH=/usr/lib/gcc/i686-pc-cygwin/5.4.0/:/usr/lib/gcc/i686-pc-cygwin/5.4.0/../../../../i686-pc-cygwin/lib/:/usr/lib/gcc/i686-pc-cygwin/5.4.0/../../../:/lib/:/usr/lib/
COLLECT_GCC_OPTIONS='-v' '-o' 'cmTC_dd34a.exe' '-shared-libgcc' '-mtune=generic' '-march=i686'
 /usr/lib/gcc/i686-pc-cygwin/5.4.0/collect2.exe -plugin /usr/lib/gcc/i686-pc-cygwin/5.4.0/cyglto_plugin.dll -plugin-opt=/usr/lib/gcc/i686-pc-cygwin/5.4.0/lto-wrapper.exe -plugin-opt=-fresolution=/tmp/ccdTxOTu.res -plugin-opt=-pass-through=-lgcc_s -plugin-opt=-pass-through=-lgcc -plugin-opt=-pass-through=-lcygwin -plugin-opt=-pass-through=-ladvapi32 -plugin-opt=-pass-through=-lshell32 -plugin-opt=-pass-through=-luser32 -plugin-opt=-pass-through=-lkernel32 -plugin-opt=-pass-through=-lgcc_s -plugin-opt=-pass-through=-lgcc --build-id --wrap _Znwj --wrap _Znaj --wrap _ZdlPv --wrap _ZdaPv --wrap _ZnwjRKSt9nothrow_t --wrap _ZnajRKSt9nothrow_t --wrap _ZdlPvRKSt9nothrow_t --wrap _ZdaPvRKSt9nothrow_t -Bdynamic --dll-search-prefix=cyg --large-address-aware --tsaware -o cmTC_dd34a.exe /usr/lib/gcc/i686-pc-cygwin/5.4.0/../../../crt0.o /usr/lib/gcc/i686-pc-cygwin/5.4.0/crtbegin.o -L/usr/lib/gcc/i686-pc-cygwin/5.4.0 -L/usr/lib/gcc/i686-pc-cygwin/5.4.0/../../../../i686-pc-cygwin/lib -L/usr/lib/gcc/i686-pc-cygwin/5.4.0/../../.. --enable-auto-import CMakeFiles/cmTC_dd34a.dir/CMakeCXXCompilerABI.cpp.o --out-implib libcmTC_dd34a.dll.a --major-image-version 0 --minor-image-version 0 -lstdc++ -lgcc_s -lgcc -lcygwin -ladvapi32 -lshell32 -luser32 -lkernel32 -lgcc_s -lgcc /usr/lib/gcc/i686-pc-cygwin/5.4.0/../../../default-manifest.o /usr/lib/gcc/i686-pc-cygwin/5.4.0/crtend.o
make[1]: 离开目录“/cygdrive/d/Seafile/Workspace/MyProject/WCET/WCET/otawa-win32/gel/CMakeFiles/CMakeTmp”


Parsed CXX implicit link information from above output:
  link line regex: [^( *|.*[/\])(ld\.exe|([^/\]+-)?ld|collect2)[^/\]*( |$)]
  ignore line: [Change Dir: /cygdrive/d/Seafile/Workspace/MyProject/WCET/WCET/otawa-win32/gel/CMakeFiles/CMakeTmp]
  ignore line: []
  ignore line: [Run Build Command:"/usr/bin/make.exe" "cmTC_dd34a/fast"]
  ignore line: [/usr/bin/make -f CMakeFiles/cmTC_dd34a.dir/build.make CMakeFiles/cmTC_dd34a.dir/build]
  ignore line: [make[1]: 进入目录“/cygdrive/d/Seafile/Workspace/MyProject/WCET/WCET/otawa-win32/gel/CMakeFiles/CMakeTmp”]
  ignore line: [Building CXX object CMakeFiles/cmTC_dd34a.dir/CMakeCXXCompilerABI.cpp.o]
  ignore line: [/usr/bin/c++.exe      -o CMakeFiles/cmTC_dd34a.dir/CMakeCXXCompilerABI.cpp.o -c /usr/share/cmake-3.6.2/Modules/CMakeCXXCompilerABI.cpp]
  ignore line: [Linking CXX executable cmTC_dd34a.exe]
  ignore line: [/usr/bin/cmake.exe -E cmake_link_script CMakeFiles/cmTC_dd34a.dir/link.txt --verbose=1]
  ignore line: [/usr/bin/c++.exe     -Wl,--enable-auto-import -v CMakeFiles/cmTC_dd34a.dir/CMakeCXXCompilerABI.cpp.o  -o cmTC_dd34a.exe -Wl,--out-implib,libcmTC_dd34a.dll.a -Wl,--major-image-version,0,--minor-image-version,0   ]
  ignore line: [使用内建 specs。]
  ignore line: [COLLECT_GCC=/usr/bin/c++]
  ignore line: [COLLECT_LTO_WRAPPER=/usr/lib/gcc/i686-pc-cygwin/5.4.0/lto-wrapper.exe]
  ignore line: [目标：i686-pc-cygwin]
  ignore line: [配置为：/cygdrive/i/szsz/tmpp/gcc/gcc-5.4.0-1.i686/src/gcc-5.4.0/configure --srcdir=/cygdrive/i/szsz/tmpp/gcc/gcc-5.4.0-1.i686/src/gcc-5.4.0 --prefix=/usr --exec-prefix=/usr --localstatedir=/var --sysconfdir=/etc --docdir=/usr/share/doc/gcc --htmldir=/usr/share/doc/gcc/html -C --build=i686-pc-cygwin --host=i686-pc-cygwin --target=i686-pc-cygwin --without-libiconv-prefix --without-libintl-prefix --libexecdir=/usr/lib --enable-shared --enable-shared-libgcc --enable-static --enable-version-specific-runtime-libs --enable-bootstrap --enable-__cxa_atexit --with-dwarf2 --with-arch=i686 --with-tune=generic --disable-sjlj-exceptions --enable-languages=ada,c,c++,fortran,java,lto,objc,obj-c++ --enable-graphite --enable-threads=posix --enable-libatomic --enable-libcilkrts --enable-libgomp --enable-libitm --enable-libquadmath --enable-libquadmath-support --enable-libssp --enable-libada --enable-libjava --enable-libgcj-sublibs --disable-java-awt --disable-symvers --with-ecj-jar=/usr/share/java/ecj.jar --with-gnu-ld --with-gnu-as --with-cloog-include=/usr/include/cloog-isl --without-libiconv-prefix --without-libintl-prefix --with-system-zlib --enable-linker-build-id --with-default-libstdcxx-abi=gcc4-compatible]
  ignore line: [线程模型：posix]
  ignore line: [gcc 版本 5.4.0 (GCC) ]
  ignore line: [COMPILER_PATH=/usr/lib/gcc/i686-pc-cygwin/5.4.0/:/usr/lib/gcc/i686-pc-cygwin/5.4.0/:/usr/lib/gcc/i686-pc-cygwin/:/usr/lib/gcc/i686-pc-cygwin/5.4.0/:/usr/lib/gcc/i686-pc-cygwin/:/usr/lib/gcc/i686-pc-cygwin/5.4.0/../../../../i686-pc-cygwin/bin/]
  ignore line: [LIBRARY_PATH=/usr/lib/gcc/i686-pc-cygwin/5.4.0/:/usr/lib/gcc/i686-pc-cygwin/5.4.0/../../../../i686-pc-cygwin/lib/:/usr/lib/gcc/i686-pc-cygwin/5.4.0/../../../:/lib/:/usr/lib/]
  ignore line: [COLLECT_GCC_OPTIONS='-v' '-o' 'cmTC_dd34a.exe' '-shared-libgcc' '-mtune=generic' '-march=i686']
  link line: [ /usr/lib/gcc/i686-pc-cygwin/5.4.0/collect2.exe -plugin /usr/lib/gcc/i686-pc-cygwin/5.4.0/cyglto_plugin.dll -plugin-opt=/usr/lib/gcc/i686-pc-cygwin/5.4.0/lto-wrapper.exe -plugin-opt=-fresolution=/tmp/ccdTxOTu.res -plugin-opt=-pass-through=-lgcc_s -plugin-opt=-pass-through=-lgcc -plugin-opt=-pass-through=-lcygwin -plugin-opt=-pass-through=-ladvapi32 -plugin-opt=-pass-through=-lshell32 -plugin-opt=-pass-through=-luser32 -plugin-opt=-pass-through=-lkernel32 -plugin-opt=-pass-through=-lgcc_s -plugin-opt=-pass-through=-lgcc --build-id --wrap _Znwj --wrap _Znaj --wrap _ZdlPv --wrap _ZdaPv --wrap _ZnwjRKSt9nothrow_t --wrap _ZnajRKSt9nothrow_t --wrap _ZdlPvRKSt9nothrow_t --wrap _ZdaPvRKSt9nothrow_t -Bdynamic --dll-search-prefix=cyg --large-address-aware --tsaware -o cmTC_dd34a.exe /usr/lib/gcc/i686-pc-cygwin/5.4.0/../../../crt0.o /usr/lib/gcc/i686-pc-cygwin/5.4.0/crtbegin.o -L/usr/lib/gcc/i686-pc-cygwin/5.4.0 -L/usr/lib/gcc/i686-pc-cygwin/5.4.0/../../../../i686-pc-cygwin/lib -L/usr/lib/gcc/i686-pc-cygwin/5.4.0/../../.. --enable-auto-import CMakeFiles/cmTC_dd34a.dir/CMakeCXXCompilerABI.cpp.o --out-implib libcmTC_dd34a.dll.a --major-image-version 0 --minor-image-version 0 -lstdc++ -lgcc_s -lgcc -lcygwin -ladvapi32 -lshell32 -luser32 -lkernel32 -lgcc_s -lgcc /usr/lib/gcc/i686-pc-cygwin/5.4.0/../../../default-manifest.o /usr/lib/gcc/i686-pc-cygwin/5.4.0/crtend.o]
    arg [/usr/lib/gcc/i686-pc-cygwin/5.4.0/collect2.exe] ==> ignore
    arg [-plugin] ==> ignore
    arg [/usr/lib/gcc/i686-pc-cygwin/5.4.0/cyglto_plugin.dll] ==> ignore
    arg [-plugin-opt=/usr/lib/gcc/i686-pc-cygwin/5.4.0/lto-wrapper.exe] ==> ignore
    arg [-plugin-opt=-fresolution=/tmp/ccdTxOTu.res] ==> ignore
    arg [-plugin-opt=-pass-through=-lgcc_s] ==> ignore
    arg [-plugin-opt=-pass-through=-lgcc] ==> ignore
    arg [-plugin-opt=-pass-through=-lcygwin] ==> ignore
    arg [-plugin-opt=-pass-through=-ladvapi32] ==> ignore
    arg [-plugin-opt=-pass-through=-lshell32] ==> ignore
    arg [-plugin-opt=-pass-through=-luser32] ==> ignore
    arg [-plugin-opt=-pass-through=-lkernel32] ==> ignore
    arg [-plugin-opt=-pass-through=-lgcc_s] ==> ignore
    arg [-plugin-opt=-pass-through=-lgcc] ==> ignore
    arg [--build-id] ==> ignore
    arg [--wrap] ==> ignore
    arg [_Znwj] ==> ignore
    arg [--wrap] ==> ignore
    arg [_Znaj] ==> ignore
    arg [--wrap] ==> ignore
    arg [_ZdlPv] ==> ignore
    arg [--wrap] ==> ignore
    arg [_ZdaPv] ==> ignore
    arg [--wrap] ==> ignore
    arg [_ZnwjRKSt9nothrow_t] ==> ignore
    arg [--wrap] ==> ignore
    arg [_ZnajRKSt9nothrow_t] ==> ignore
    arg [--wrap] ==> ignore
    arg [_ZdlPvRKSt9nothrow_t] ==> ignore
    arg [--wrap] ==> ignore
    arg [_ZdaPvRKSt9nothrow_t] ==> ignore
    arg [-Bdynamic] ==> ignore
    arg [--dll-search-prefix=cyg] ==> ignore
    arg [--large-address-aware] ==> ignore
    arg [--tsaware] ==> ignore
    arg [-o] ==> ignore
    arg [cmTC_dd34a.exe] ==> ignore
    arg [/usr/lib/gcc/i686-pc-cygwin/5.4.0/../../../crt0.o] ==> ignore
    arg [/usr/lib/gcc/i686-pc-cygwin/5.4.0/crtbegin.o] ==> ignore
    arg [-L/usr/lib/gcc/i686-pc-cygwin/5.4.0] ==> dir [/usr/lib/gcc/i686-pc-cygwin/5.4.0]
    arg [-L/usr/lib/gcc/i686-pc-cygwin/5.4.0/../../../../i686-pc-cygwin/lib] ==> dir [/usr/lib/gcc/i686-pc-cygwin/5.4.0/../../../../i686-pc-cygwin/lib]
    arg [-L/usr/lib/gcc/i686-pc-cygwin/5.4.0/../../..] ==> dir [/usr/lib/gcc/i686-pc-cygwin/5.4.0/../../..]
    arg [--enable-auto-import] ==> ignore
    arg [CMakeFiles/cmTC_dd34a.dir/CMakeCXXCompilerABI.cpp.o] ==> ignore
    arg [--out-implib] ==> ignore
    arg [libcmTC_dd34a.dll.a] ==> ignore
    arg [--major-image-version] ==> ignore
    arg [0] ==> ignore
    arg [--minor-image-version] ==> ignore
    arg [0] ==> ignore
    arg [-lstdc++] ==> lib [stdc++]
    arg [-lgcc_s] ==> lib [gcc_s]
    arg [-lgcc] ==> lib [gcc]
    arg [-lcygwin] ==> lib [cygwin]
    arg [-ladvapi32] ==> lib [advapi32]
    arg [-lshell32] ==> lib [shell32]
    arg [-luser32] ==> lib [user32]
    arg [-lkernel32] ==> lib [kernel32]
    arg [-lgcc_s] ==> lib [gcc_s]
    arg [-lgcc] ==> lib [gcc]
    arg [/usr/lib/gcc/i686-pc-cygwin/5.4.0/../../../default-manifest.o] ==> ignore
    arg [/usr/lib/gcc/i686-pc-cygwin/5.4.0/crtend.o] ==> ignore
  remove lib [gcc_s]
  remove lib [gcc]
  remove lib [gcc_s]
  remove lib [gcc]
  collapse library dir [/usr/lib/gcc/i686-pc-cygwin/5.4.0] ==> [/usr/lib/gcc/i686-pc-cygwin/5.4.0]
  collapse library dir [/usr/lib/gcc/i686-pc-cygwin/5.4.0/../../../../i686-pc-cygwin/lib] ==> [/usr/i686-pc-cygwin/lib]
  collapse library dir [/usr/lib/gcc/i686-pc-cygwin/5.4.0/../../..] ==> [/usr/lib]
  implicit libs: [stdc++;cygwin;advapi32;shell32;user32;kernel32]
  implicit dirs: [/usr/lib/gcc/i686-pc-cygwin/5.4.0;/usr/i686-pc-cygwin/lib;/usr/lib]
  implicit fwks: []




Detecting CXX [-std=c++14] compiler features compiled with the following output:
Change Dir: /cygdrive/d/Seafile/Workspace/MyProject/WCET/WCET/otawa-win32/gel/CMakeFiles/CMakeTmp

Run Build Command:"/usr/bin/make.exe" "cmTC_2843c/fast"
/usr/bin/make -f CMakeFiles/cmTC_2843c.dir/build.make CMakeFiles/cmTC_2843c.dir/build
make[1]: 进入目录“/cygdrive/d/Seafile/Workspace/MyProject/WCET/WCET/otawa-win32/gel/CMakeFiles/CMakeTmp”
Building CXX object CMakeFiles/cmTC_2843c.dir/feature_tests.cxx.o
/usr/bin/c++.exe     -std=c++14 -o CMakeFiles/cmTC_2843c.dir/feature_tests.cxx.o -c /cygdrive/d/Seafile/Workspace/MyProject/WCET/WCET/otawa-win32/gel/CMakeFiles/feature_tests.cxx
Linking CXX executable cmTC_2843c.exe
/usr/bin/cmake.exe -E cmake_link_script CMakeFiles/cmTC_2843c.dir/link.txt --verbose=1
/usr/bin/c++.exe     -Wl,--enable-auto-import  CMakeFiles/cmTC_2843c.dir/feature_tests.cxx.o  -o cmTC_2843c.exe -Wl,--out-implib,libcmTC_2843c.dll.a -Wl,--major-image-version,0,--minor-image-version,0  
make[1]: 离开目录“/cygdrive/d/Seafile/Workspace/MyProject/WCET/WCET/otawa-win32/gel/CMakeFiles/CMakeTmp”


    Feature record: CXX_FEATURE:1cxx_aggregate_default_initializers
    Feature record: CXX_FEATURE:1cxx_alias_templates
    Feature record: CXX_FEATURE:1cxx_alignas
    Feature record: CXX_FEATURE:1cxx_alignof
    Feature record: CXX_FEATURE:1cxx_attributes
    Feature record: CXX_FEATURE:1cxx_attribute_deprecated
    Feature record: CXX_FEATURE:1cxx_auto_type
    Feature record: CXX_FEATURE:1cxx_binary_literals
    Feature record: CXX_FEATURE:1cxx_constexpr
    Feature record: CXX_FEATURE:1cxx_contextual_conversions
    Feature record: CXX_FEATURE:1cxx_decltype
    Feature record: CXX_FEATURE:1cxx_decltype_auto
    Feature record: CXX_FEATURE:1cxx_decltype_incomplete_return_types
    Feature record: CXX_FEATURE:1cxx_default_function_template_args
    Feature record: CXX_FEATURE:1cxx_defaulted_functions
    Feature record: CXX_FEATURE:1cxx_defaulted_move_initializers
    Feature record: CXX_FEATURE:1cxx_delegating_constructors
    Feature record: CXX_FEATURE:1cxx_deleted_functions
    Feature record: CXX_FEATURE:1cxx_digit_separators
    Feature record: CXX_FEATURE:1cxx_enum_forward_declarations
    Feature record: CXX_FEATURE:1cxx_explicit_conversions
    Feature record: CXX_FEATURE:1cxx_extended_friend_declarations
    Feature record: CXX_FEATURE:1cxx_extern_templates
    Feature record: CXX_FEATURE:1cxx_final
    Feature record: CXX_FEATURE:1cxx_func_identifier
    Feature record: CXX_FEATURE:1cxx_generalized_initializers
    Feature record: CXX_FEATURE:1cxx_generic_lambdas
    Feature record: CXX_FEATURE:1cxx_inheriting_constructors
    Feature record: CXX_FEATURE:1cxx_inline_namespaces
    Feature record: CXX_FEATURE:1cxx_lambdas
    Feature record: CXX_FEATURE:1cxx_lambda_init_captures
    Feature record: CXX_FEATURE:1cxx_local_type_template_args
    Feature record: CXX_FEATURE:1cxx_long_long_type
    Feature record: CXX_FEATURE:1cxx_noexcept
    Feature record: CXX_FEATURE:1cxx_nonstatic_member_init
    Feature record: CXX_FEATURE:1cxx_nullptr
    Feature record: CXX_FEATURE:1cxx_override
    Feature record: CXX_FEATURE:1cxx_range_for
    Feature record: CXX_FEATURE:1cxx_raw_string_literals
    Feature record: CXX_FEATURE:1cxx_reference_qualified_functions
    Feature record: CXX_FEATURE:1cxx_relaxed_constexpr
    Feature record: CXX_FEATURE:1cxx_return_type_deduction
    Feature record: CXX_FEATURE:1cxx_right_angle_brackets
    Feature record: CXX_FEATURE:1cxx_rvalue_references
    Feature record: CXX_FEATURE:1cxx_sizeof_member
    Feature record: CXX_FEATURE:1cxx_static_assert
    Feature record: CXX_FEATURE:1cxx_strong_enums
    Feature record: CXX_FEATURE:1cxx_template_template_parameters
    Feature record: CXX_FEATURE:1cxx_thread_local
    Feature record: CXX_FEATURE:1cxx_trailing_return_types
    Feature record: CXX_FEATURE:1cxx_unicode_literals
    Feature record: CXX_FEATURE:1cxx_uniform_initialization
    Feature record: CXX_FEATURE:1cxx_unrestricted_unions
    Feature record: CXX_FEATURE:1cxx_user_literals
    Feature record: CXX_FEATURE:1cxx_variable_templates
    Feature record: CXX_FEATURE:1cxx_variadic_macros
    Feature record: CXX_FEATURE:1cxx_variadic_templates


Detecting CXX [-std=c++11] compiler features compiled with the following output:
Change Dir: /cygdrive/d/Seafile/Workspace/MyProject/WCET/WCET/otawa-win32/gel/CMakeFiles/CMakeTmp

Run Build Command:"/usr/bin/make.exe" "cmTC_0a709/fast"
/usr/bin/make -f CMakeFiles/cmTC_0a709.dir/build.make CMakeFiles/cmTC_0a709.dir/build
make[1]: 进入目录“/cygdrive/d/Seafile/Workspace/MyProject/WCET/WCET/otawa-win32/gel/CMakeFiles/CMakeTmp”
Building CXX object CMakeFiles/cmTC_0a709.dir/feature_tests.cxx.o
/usr/bin/c++.exe     -std=c++11 -o CMakeFiles/cmTC_0a709.dir/feature_tests.cxx.o -c /cygdrive/d/Seafile/Workspace/MyProject/WCET/WCET/otawa-win32/gel/CMakeFiles/feature_tests.cxx
Linking CXX executable cmTC_0a709.exe
/usr/bin/cmake.exe -E cmake_link_script CMakeFiles/cmTC_0a709.dir/link.txt --verbose=1
/usr/bin/c++.exe     -Wl,--enable-auto-import  CMakeFiles/cmTC_0a709.dir/feature_tests.cxx.o  -o cmTC_0a709.exe -Wl,--out-implib,libcmTC_0a709.dll.a -Wl,--major-image-version,0,--minor-image-version,0  
make[1]: 离开目录“/cygdrive/d/Seafile/Workspace/MyProject/WCET/WCET/otawa-win32/gel/CMakeFiles/CMakeTmp”


    Feature record: CXX_FEATURE:0cxx_aggregate_default_initializers
    Feature record: CXX_FEATURE:1cxx_alias_templates
    Feature record: CXX_FEATURE:1cxx_alignas
    Feature record: CXX_FEATURE:1cxx_alignof
    Feature record: CXX_FEATURE:1cxx_attributes
    Feature record: CXX_FEATURE:0cxx_attribute_deprecated
    Feature record: CXX_FEATURE:1cxx_auto_type
    Feature record: CXX_FEATURE:0cxx_binary_literals
    Feature record: CXX_FEATURE:1cxx_constexpr
    Feature record: CXX_FEATURE:0cxx_contextual_conversions
    Feature record: CXX_FEATURE:1cxx_decltype
    Feature record: CXX_FEATURE:0cxx_decltype_auto
    Feature record: CXX_FEATURE:1cxx_decltype_incomplete_return_types
    Feature record: CXX_FEATURE:1cxx_default_function_template_args
    Feature record: CXX_FEATURE:1cxx_defaulted_functions
    Feature record: CXX_FEATURE:1cxx_defaulted_move_initializers
    Feature record: CXX_FEATURE:1cxx_delegating_constructors
    Feature record: CXX_FEATURE:1cxx_deleted_functions
    Feature record: CXX_FEATURE:0cxx_digit_separators
    Feature record: CXX_FEATURE:1cxx_enum_forward_declarations
    Feature record: CXX_FEATURE:1cxx_explicit_conversions
    Feature record: CXX_FEATURE:1cxx_extended_friend_declarations
    Feature record: CXX_FEATURE:1cxx_extern_templates
    Feature record: CXX_FEATURE:1cxx_final
    Feature record: CXX_FEATURE:1cxx_func_identifier
    Feature record: CXX_FEATURE:1cxx_generalized_initializers
    Feature record: CXX_FEATURE:0cxx_generic_lambdas
    Feature record: CXX_FEATURE:1cxx_inheriting_constructors
    Feature record: CXX_FEATURE:1cxx_inline_namespaces
    Feature record: CXX_FEATURE:1cxx_lambdas
    Feature record: CXX_FEATURE:0cxx_lambda_init_captures
    Feature record: CXX_FEATURE:1cxx_local_type_template_args
    Feature record: CXX_FEATURE:1cxx_long_long_type
    Feature record: CXX_FEATURE:1cxx_noexcept
    Feature record: CXX_FEATURE:1cxx_nonstatic_member_init
    Feature record: CXX_FEATURE:1cxx_nullptr
    Feature record: CXX_FEATURE:1cxx_override
    Feature record: CXX_FEATURE:1cxx_range_for
    Feature record: CXX_FEATURE:1cxx_raw_string_literals
    Feature record: CXX_FEATURE:1cxx_reference_qualified_functions
    Feature record: CXX_FEATURE:0cxx_relaxed_constexpr
    Feature record: CXX_FEATURE:0cxx_return_type_deduction
    Feature record: CXX_FEATURE:1cxx_right_angle_brackets
    Feature record: CXX_FEATURE:1cxx_rvalue_references
    Feature record: CXX_FEATURE:1cxx_sizeof_member
    Feature record: CXX_FEATURE:1cxx_static_assert
    Feature record: CXX_FEATURE:1cxx_strong_enums
    Feature record: CXX_FEATURE:1cxx_template_template_parameters
    Feature record: CXX_FEATURE:1cxx_thread_local
    Feature record: CXX_FEATURE:1cxx_trailing_return_types
    Feature record: CXX_FEATURE:1cxx_unicode_literals
    Feature record: CXX_FEATURE:1cxx_uniform_initialization
    Feature record: CXX_FEATURE:1cxx_unrestricted_unions
    Feature record: CXX_FEATURE:1cxx_user_literals
    Feature record: CXX_FEATURE:0cxx_variable_templates
    Feature record: CXX_FEATURE:1cxx_variadic_macros
    Feature record: CXX_FEATURE:1cxx_variadic_templates


Detecting CXX [-std=c++98] compiler features compiled with the following output:
Change Dir: /cygdrive/d/Seafile/Workspace/MyProject/WCET/WCET/otawa-win32/gel/CMakeFiles/CMakeTmp

Run Build Command:"/usr/bin/make.exe" "cmTC_4dd0b/fast"
/usr/bin/make -f CMakeFiles/cmTC_4dd0b.dir/build.make CMakeFiles/cmTC_4dd0b.dir/build
make[1]: 进入目录“/cygdrive/d/Seafile/Workspace/MyProject/WCET/WCET/otawa-win32/gel/CMakeFiles/CMakeTmp”
Building CXX object CMakeFiles/cmTC_4dd0b.dir/feature_tests.cxx.o
/usr/bin/c++.exe     -std=c++98 -o CMakeFiles/cmTC_4dd0b.dir/feature_tests.cxx.o -c /cygdrive/d/Seafile/Workspace/MyProject/WCET/WCET/otawa-win32/gel/CMakeFiles/feature_tests.cxx
Linking CXX executable cmTC_4dd0b.exe
/usr/bin/cmake.exe -E cmake_link_script CMakeFiles/cmTC_4dd0b.dir/link.txt --verbose=1
/usr/bin/c++.exe     -Wl,--enable-auto-import  CMakeFiles/cmTC_4dd0b.dir/feature_tests.cxx.o  -o cmTC_4dd0b.exe -Wl,--out-implib,libcmTC_4dd0b.dll.a -Wl,--major-image-version,0,--minor-image-version,0  
make[1]: 离开目录“/cygdrive/d/Seafile/Workspace/MyProject/WCET/WCET/otawa-win32/gel/CMakeFiles/CMakeTmp”


    Feature record: CXX_FEATURE:0cxx_aggregate_default_initializers
    Feature record: CXX_FEATURE:0cxx_alias_templates
    Feature record: CXX_FEATURE:0cxx_alignas
    Feature record: CXX_FEATURE:0cxx_alignof
    Feature record: CXX_FEATURE:0cxx_attributes
    Feature record: CXX_FEATURE:0cxx_attribute_deprecated
    Feature record: CXX_FEATURE:0cxx_auto_type
    Feature record: CXX_FEATURE:0cxx_binary_literals
    Feature record: CXX_FEATURE:0cxx_constexpr
    Feature record: CXX_FEATURE:0cxx_contextual_conversions
    Feature record: CXX_FEATURE:0cxx_decltype
    Feature record: CXX_FEATURE:0cxx_decltype_auto
    Feature record: CXX_FEATURE:0cxx_decltype_incomplete_return_types
    Feature record: CXX_FEATURE:0cxx_default_function_template_args
    Feature record: CXX_FEATURE:0cxx_defaulted_functions
    Feature record: CXX_FEATURE:0cxx_defaulted_move_initializers
    Feature record: CXX_FEATURE:0cxx_delegating_constructors
    Feature record: CXX_FEATURE:0cxx_deleted_functions
    Feature record: CXX_FEATURE:0cxx_digit_separators
    Feature record: CXX_FEATURE:0cxx_enum_forward_declarations
    Feature record: CXX_FEATURE:0cxx_explicit_conversions
    Feature record: CXX_FEATURE:0cxx_extended_friend_declarations
    Feature record: CXX_FEATURE:0cxx_extern_templates
    Feature record: CXX_FEATURE:0cxx_final
    Feature record: CXX_FEATURE:0cxx_func_identifier
    Feature record: CXX_FEATURE:0cxx_generalized_initializers
    Feature record: CXX_FEATURE:0cxx_generic_lambdas
    Feature record: CXX_FEATURE:0cxx_inheriting_constructors
    Feature record: CXX_FEATURE:0cxx_inline_namespaces
    Feature record: CXX_FEATURE:0cxx_lambdas
    Feature record: CXX_FEATURE:0cxx_lambda_init_captures
    Feature record: CXX_FEATURE:0cxx_local_type_template_args
    Feature record: CXX_FEATURE:0cxx_long_long_type
    Feature record: CXX_FEATURE:0cxx_noexcept
    Feature record: CXX_FEATURE:0cxx_nonstatic_member_init
    Feature record: CXX_FEATURE:0cxx_nullptr
    Feature record: CXX_FEATURE:0cxx_override
    Feature record: CXX_FEATURE:0cxx_range_for
    Feature record: CXX_FEATURE:0cxx_raw_string_literals
    Feature record: CXX_FEATURE:0cxx_reference_qualified_functions
    Feature record: CXX_FEATURE:0cxx_relaxed_constexpr
    Feature record: CXX_FEATURE:0cxx_return_type_deduction
    Feature record: CXX_FEATURE:0cxx_right_angle_brackets
    Feature record: CXX_FEATURE:0cxx_rvalue_references
    Feature record: CXX_FEATURE:0cxx_sizeof_member
    Feature record: CXX_FEATURE:0cxx_static_assert
    Feature record: CXX_FEATURE:0cxx_strong_enums
    Feature record: CXX_FEATURE:1cxx_template_template_parameters
    Feature record: CXX_FEATURE:0cxx_thread_local
    Feature record: CXX_FEATURE:0cxx_trailing_return_types
    Feature record: CXX_FEATURE:0cxx_unicode_literals
    Feature record: CXX_FEATURE:0cxx_uniform_initialization
    Feature record: CXX_FEATURE:0cxx_unrestricted_unions
    Feature record: CXX_FEATURE:0cxx_user_literals
    Feature record: CXX_FEATURE:0cxx_variable_templates
    Feature record: CXX_FEATURE:0cxx_variadic_macros
    Feature record: CXX_FEATURE:0cxx_variadic_templates
Determining if the include file sys/types.h exists passed with the following output:
Change Dir: /cygdrive/d/Seafile/Workspace/MyProject/WCET/WCET/otawa-win32/gel/CMakeFiles/CMakeTmp

Run Build Command:"/usr/bin/make.exe" "cmTC_80878/fast"
/usr/bin/make -f CMakeFiles/cmTC_80878.dir/build.make CMakeFiles/cmTC_80878.dir/build
make[1]: 进入目录“/cygdrive/d/Seafile/Workspace/MyProject/WCET/WCET/otawa-win32/gel/CMakeFiles/CMakeTmp”
Building C object CMakeFiles/cmTC_80878.dir/CheckIncludeFile.c.o
/usr/bin/cc     -o CMakeFiles/cmTC_80878.dir/CheckIncludeFile.c.o   -c /cygdrive/d/Seafile/Workspace/MyProject/WCET/WCET/otawa-win32/gel/CMakeFiles/CMakeTmp/CheckIncludeFile.c
Linking C executable cmTC_80878.exe
/usr/bin/cmake.exe -E cmake_link_script CMakeFiles/cmTC_80878.dir/link.txt --verbose=1
/usr/bin/cc     -Wl,--enable-auto-import  CMakeFiles/cmTC_80878.dir/CheckIncludeFile.c.o  -o cmTC_80878.exe -Wl,--out-implib,libcmTC_80878.dll.a -Wl,--major-image-version,0,--minor-image-version,0  
make[1]: 离开目录“/cygdrive/d/Seafile/Workspace/MyProject/WCET/WCET/otawa-win32/gel/CMakeFiles/CMakeTmp”


Determining if the include file stdint.h exists passed with the following output:
Change Dir: /cygdrive/d/Seafile/Workspace/MyProject/WCET/WCET/otawa-win32/gel/CMakeFiles/CMakeTmp

Run Build Command:"/usr/bin/make.exe" "cmTC_8ff65/fast"
/usr/bin/make -f CMakeFiles/cmTC_8ff65.dir/build.make CMakeFiles/cmTC_8ff65.dir/build
make[1]: 进入目录“/cygdrive/d/Seafile/Workspace/MyProject/WCET/WCET/otawa-win32/gel/CMakeFiles/CMakeTmp”
Building C object CMakeFiles/cmTC_8ff65.dir/CheckIncludeFile.c.o
/usr/bin/cc     -o CMakeFiles/cmTC_8ff65.dir/CheckIncludeFile.c.o   -c /cygdrive/d/Seafile/Workspace/MyProject/WCET/WCET/otawa-win32/gel/CMakeFiles/CMakeTmp/CheckIncludeFile.c
Linking C executable cmTC_8ff65.exe
/usr/bin/cmake.exe -E cmake_link_script CMakeFiles/cmTC_8ff65.dir/link.txt --verbose=1
/usr/bin/cc     -Wl,--enable-auto-import  CMakeFiles/cmTC_8ff65.dir/CheckIncludeFile.c.o  -o cmTC_8ff65.exe -Wl,--out-implib,libcmTC_8ff65.dll.a -Wl,--major-image-version,0,--minor-image-version,0  
make[1]: 离开目录“/cygdrive/d/Seafile/Workspace/MyProject/WCET/WCET/otawa-win32/gel/CMakeFiles/CMakeTmp”


Determining if the include file stddef.h exists passed with the following output:
Change Dir: /cygdrive/d/Seafile/Workspace/MyProject/WCET/WCET/otawa-win32/gel/CMakeFiles/CMakeTmp

Run Build Command:"/usr/bin/make.exe" "cmTC_356f6/fast"
/usr/bin/make -f CMakeFiles/cmTC_356f6.dir/build.make CMakeFiles/cmTC_356f6.dir/build
make[1]: 进入目录“/cygdrive/d/Seafile/Workspace/MyProject/WCET/WCET/otawa-win32/gel/CMakeFiles/CMakeTmp”
Building C object CMakeFiles/cmTC_356f6.dir/CheckIncludeFile.c.o
/usr/bin/cc     -o CMakeFiles/cmTC_356f6.dir/CheckIncludeFile.c.o   -c /cygdrive/d/Seafile/Workspace/MyProject/WCET/WCET/otawa-win32/gel/CMakeFiles/CMakeTmp/CheckIncludeFile.c
Linking C executable cmTC_356f6.exe
/usr/bin/cmake.exe -E cmake_link_script CMakeFiles/cmTC_356f6.dir/link.txt --verbose=1
/usr/bin/cc     -Wl,--enable-auto-import  CMakeFiles/cmTC_356f6.dir/CheckIncludeFile.c.o  -o cmTC_356f6.exe -Wl,--out-implib,libcmTC_356f6.dll.a -Wl,--major-image-version,0,--minor-image-version,0  
make[1]: 离开目录“/cygdrive/d/Seafile/Workspace/MyProject/WCET/WCET/otawa-win32/gel/CMakeFiles/CMakeTmp”


Determining size of unsigned short passed with the following output:
Change Dir: /cygdrive/d/Seafile/Workspace/MyProject/WCET/WCET/otawa-win32/gel/CMakeFiles/CMakeTmp

Run Build Command:"/usr/bin/make.exe" "cmTC_4147d/fast"
/usr/bin/make -f CMakeFiles/cmTC_4147d.dir/build.make CMakeFiles/cmTC_4147d.dir/build
make[1]: 进入目录“/cygdrive/d/Seafile/Workspace/MyProject/WCET/WCET/otawa-win32/gel/CMakeFiles/CMakeTmp”
Building C object CMakeFiles/cmTC_4147d.dir/CMAKE_SIZEOF_UNSIGNED_SHORT.c.o
/usr/bin/cc     -o CMakeFiles/cmTC_4147d.dir/CMAKE_SIZEOF_UNSIGNED_SHORT.c.o   -c /cygdrive/d/Seafile/Workspace/MyProject/WCET/WCET/otawa-win32/gel/CMakeFiles/CheckTypeSize/CMAKE_SIZEOF_UNSIGNED_SHORT.c
Linking C executable cmTC_4147d.exe
/usr/bin/cmake.exe -E cmake_link_script CMakeFiles/cmTC_4147d.dir/link.txt --verbose=1
/usr/bin/cc     -Wl,--enable-auto-import  CMakeFiles/cmTC_4147d.dir/CMAKE_SIZEOF_UNSIGNED_SHORT.c.o  -o cmTC_4147d.exe -Wl,--out-implib,libcmTC_4147d.dll.a -Wl,--major-image-version,0,--minor-image-version,0  
make[1]: 离开目录“/cygdrive/d/Seafile/Workspace/MyProject/WCET/WCET/otawa-win32/gel/CMakeFiles/CMakeTmp”


Determining if the system is big endian passed with the following output:
Change Dir: /cygdrive/d/Seafile/Workspace/MyProject/WCET/WCET/otawa-win32/gel/CMakeFiles/CMakeTmp

Run Build Command:"/usr/bin/make.exe" "cmTC_cf039/fast"
/usr/bin/make -f CMakeFiles/cmTC_cf039.dir/build.make CMakeFiles/cmTC_cf039.dir/build
make[1]: 进入目录“/cygdrive/d/Seafile/Workspace/MyProject/WCET/WCET/otawa-win32/gel/CMakeFiles/CMakeTmp”
Building C object CMakeFiles/cmTC_cf039.dir/TestEndianess.c.o
/usr/bin/cc     -o CMakeFiles/cmTC_cf039.dir/TestEndianess.c.o   -c /cygdrive/d/Seafile/Workspace/MyProject/WCET/WCET/otawa-win32/gel/CMakeFiles/CMakeTmp/TestEndianess.c
Linking C executable cmTC_cf039.exe
/usr/bin/cmake.exe -E cmake_link_script CMakeFiles/cmTC_cf039.dir/link.txt --verbose=1
/usr/bin/cc     -Wl,--enable-auto-import  CMakeFiles/cmTC_cf039.dir/TestEndianess.c.o  -o cmTC_cf039.exe -Wl,--out-implib,libcmTC_cf039.dll.a -Wl,--major-image-version,0,--minor-image-version,0  
make[1]: 离开目录“/cygdrive/d/Seafile/Workspace/MyProject/WCET/WCET/otawa-win32/gel/CMakeFiles/CMakeTmp”

TestEndianess.c:
/* A 16 bit integer is required. */
typedef unsigned short cmakeint16;

/* On a little endian machine, these 16bit ints will give "THIS IS LITTLE ENDIAN."
   On a big endian machine the characters will be exchanged pairwise. */
const cmakeint16 info_little[] =  {0x4854, 0x5349, 0x4920, 0x2053, 0x494c, 0x5454, 0x454c, 0x4520, 0x444e, 0x4149, 0x2e4e, 0x0000};

/* on a big endian machine, these 16bit ints will give "THIS IS BIG ENDIAN."
   On a little endian machine the characters will be exchanged pairwise. */
const cmakeint16 info_big[] =     {0x5448, 0x4953, 0x2049, 0x5320, 0x4249, 0x4720, 0x454e, 0x4449, 0x414e, 0x2e2e, 0x0000};

#ifdef __CLASSIC_C__
int main(argc, argv) int argc; char *argv[];
#else
int main(int argc, char *argv[])
#endif
{
  int require = 0;
  require += info_little[argc];
  require += info_big[argc];
  (void)argv;
  return require;
}


Determining if the include file sys/types.h exists passed with the following output:
Change Dir: /cygdrive/d/Seafile/Workspace/MyProject/WCET/WCET/otawa/gel/CMakeFiles/CMakeTmp

Run Build Command:"/usr/bin/make.exe" "cmTC_6008e/fast"
/usr/bin/make -f CMakeFiles/cmTC_6008e.dir/build.make CMakeFiles/cmTC_6008e.dir/build
make[1]: 进入目录“/cygdrive/d/Seafile/Workspace/MyProject/WCET/WCET/otawa/gel/CMakeFiles/CMakeTmp”
Building C object CMakeFiles/cmTC_6008e.dir/CheckIncludeFile.c.o
/usr/bin/cc     -o CMakeFiles/cmTC_6008e.dir/CheckIncludeFile.c.o   -c /cygdrive/d/Seafile/Workspace/MyProject/WCET/WCET/otawa/gel/CMakeFiles/CMakeTmp/CheckIncludeFile.c
Linking C executable cmTC_6008e.exe
/usr/bin/cmake.exe -E cmake_link_script CMakeFiles/cmTC_6008e.dir/link.txt --verbose=1
/usr/bin/cc     -Wl,--enable-auto-import  CMakeFiles/cmTC_6008e.dir/CheckIncludeFile.c.o  -o cmTC_6008e.exe -Wl,--out-implib,libcmTC_6008e.dll.a -Wl,--major-image-version,0,--minor-image-version,0  
make[1]: 离开目录“/cygdrive/d/Seafile/Workspace/MyProject/WCET/WCET/otawa/gel/CMakeFiles/CMakeTmp”


Determining if the include file stdint.h exists passed with the following output:
Change Dir: /cygdrive/d/Seafile/Workspace/MyProject/WCET/WCET/otawa/gel/CMakeFiles/CMakeTmp

Run Build Command:"/usr/bin/make.exe" "cmTC_182c7/fast"
/usr/bin/make -f CMakeFiles/cmTC_182c7.dir/build.make CMakeFiles/cmTC_182c7.dir/build
make[1]: 进入目录“/cygdrive/d/Seafile/Workspace/MyProject/WCET/WCET/otawa/gel/CMakeFiles/CMakeTmp”
Building C object CMakeFiles/cmTC_182c7.dir/CheckIncludeFile.c.o
/usr/bin/cc     -o CMakeFiles/cmTC_182c7.dir/CheckIncludeFile.c.o   -c /cygdrive/d/Seafile/Workspace/MyProject/WCET/WCET/otawa/gel/CMakeFiles/CMakeTmp/CheckIncludeFile.c
Linking C executable cmTC_182c7.exe
/usr/bin/cmake.exe -E cmake_link_script CMakeFiles/cmTC_182c7.dir/link.txt --verbose=1
/usr/bin/cc     -Wl,--enable-auto-import  CMakeFiles/cmTC_182c7.dir/CheckIncludeFile.c.o  -o cmTC_182c7.exe -Wl,--out-implib,libcmTC_182c7.dll.a -Wl,--major-image-version,0,--minor-image-version,0  
make[1]: 离开目录“/cygdrive/d/Seafile/Workspace/MyProject/WCET/WCET/otawa/gel/CMakeFiles/CMakeTmp”


Determining if the include file stddef.h exists passed with the following output:
Change Dir: /cygdrive/d/Seafile/Workspace/MyProject/WCET/WCET/otawa/gel/CMakeFiles/CMakeTmp

Run Build Command:"/usr/bin/make.exe" "cmTC_eaa8c/fast"
/usr/bin/make -f CMakeFiles/cmTC_eaa8c.dir/build.make CMakeFiles/cmTC_eaa8c.dir/build
make[1]: 进入目录“/cygdrive/d/Seafile/Workspace/MyProject/WCET/WCET/otawa/gel/CMakeFiles/CMakeTmp”
Building C object CMakeFiles/cmTC_eaa8c.dir/CheckIncludeFile.c.o
/usr/bin/cc     -o CMakeFiles/cmTC_eaa8c.dir/CheckIncludeFile.c.o   -c /cygdrive/d/Seafile/Workspace/MyProject/WCET/WCET/otawa/gel/CMakeFiles/CMakeTmp/CheckIncludeFile.c
Linking C executable cmTC_eaa8c.exe
/usr/bin/cmake.exe -E cmake_link_script CMakeFiles/cmTC_eaa8c.dir/link.txt --verbose=1
/usr/bin/cc     -Wl,--enable-auto-import  CMakeFiles/cmTC_eaa8c.dir/CheckIncludeFile.c.o  -o cmTC_eaa8c.exe -Wl,--out-implib,libcmTC_eaa8c.dll.a -Wl,--major-image-version,0,--minor-image-version,0  
make[1]: 离开目录“/cygdrive/d/Seafile/Workspace/MyProject/WCET/WCET/otawa/gel/CMakeFiles/CMakeTmp”


Determining size of unsigned short passed with the following output:
Change Dir: /cygdrive/d/Seafile/Workspace/MyProject/WCET/WCET/otawa/gel/CMakeFiles/CMakeTmp

Run Build Command:"/usr/bin/make.exe" "cmTC_5e08e/fast"
/usr/bin/make -f CMakeFiles/cmTC_5e08e.dir/build.make CMakeFiles/cmTC_5e08e.dir/build
make[1]: 进入目录“/cygdrive/d/Seafile/Workspace/MyProject/WCET/WCET/otawa/gel/CMakeFiles/CMakeTmp”
Building C object CMakeFiles/cmTC_5e08e.dir/CMAKE_SIZEOF_UNSIGNED_SHORT.c.o
/usr/bin/cc     -o CMakeFiles/cmTC_5e08e.dir/CMAKE_SIZEOF_UNSIGNED_SHORT.c.o   -c /cygdrive/d/Seafile/Workspace/MyProject/WCET/WCET/otawa/gel/CMakeFiles/CheckTypeSize/CMAKE_SIZEOF_UNSIGNED_SHORT.c
Linking C executable cmTC_5e08e.exe
/usr/bin/cmake.exe -E cmake_link_script CMakeFiles/cmTC_5e08e.dir/link.txt --verbose=1
/usr/bin/cc     -Wl,--enable-auto-import  CMakeFiles/cmTC_5e08e.dir/CMAKE_SIZEOF_UNSIGNED_SHORT.c.o  -o cmTC_5e08e.exe -Wl,--out-implib,libcmTC_5e08e.dll.a -Wl,--major-image-version,0,--minor-image-version,0  
make[1]: 离开目录“/cygdrive/d/Seafile/Workspace/MyProject/WCET/WCET/otawa/gel/CMakeFiles/CMakeTmp”


Determining if the system is big endian passed with the following output:
Change Dir: /cygdrive/d/Seafile/Workspace/MyProject/WCET/WCET/otawa/gel/CMakeFiles/CMakeTmp

Run Build Command:"/usr/bin/make.exe" "cmTC_73e50/fast"
/usr/bin/make -f CMakeFiles/cmTC_73e50.dir/build.make CMakeFiles/cmTC_73e50.dir/build
make[1]: 进入目录“/cygdrive/d/Seafile/Workspace/MyProject/WCET/WCET/otawa/gel/CMakeFiles/CMakeTmp”
Building C object CMakeFiles/cmTC_73e50.dir/TestEndianess.c.o
/usr/bin/cc     -o CMakeFiles/cmTC_73e50.dir/TestEndianess.c.o   -c /cygdrive/d/Seafile/Workspace/MyProject/WCET/WCET/otawa/gel/CMakeFiles/CMakeTmp/TestEndianess.c
Linking C executable cmTC_73e50.exe
/usr/bin/cmake.exe -E cmake_link_script CMakeFiles/cmTC_73e50.dir/link.txt --verbose=1
/usr/bin/cc     -Wl,--enable-auto-import  CMakeFiles/cmTC_73e50.dir/TestEndianess.c.o  -o cmTC_73e50.exe -Wl,--out-implib,libcmTC_73e50.dll.a -Wl,--major-image-version,0,--minor-image-version,0  
make[1]: 离开目录“/cygdrive/d/Seafile/Workspace/MyProject/WCET/WCET/otawa/gel/CMakeFiles/CMakeTmp”

TestEndianess.c:
/* A 16 bit integer is required. */
typedef unsigned short cmakeint16;

/* On a little endian machine, these 16bit ints will give "THIS IS LITTLE ENDIAN."
   On a big endian machine the characters will be exchanged pairwise. */
const cmakeint16 info_little[] =  {0x4854, 0x5349, 0x4920, 0x2053, 0x494c, 0x5454, 0x454c, 0x4520, 0x444e, 0x4149, 0x2e4e, 0x0000};

/* on a big endian machine, these 16bit ints will give "THIS IS BIG ENDIAN."
   On a little endian machine the characters will be exchanged pairwise. */
const cmakeint16 info_big[] =     {0x5448, 0x4953, 0x2049, 0x5320, 0x4249, 0x4720, 0x454e, 0x4449, 0x414e, 0x2e2e, 0x0000};

#ifdef __CLASSIC_C__
int main(argc, argv) int argc; char *argv[];
#else
int main(int argc, char *argv[])
#endif
{
  int require = 0;
  require += info_little[argc];
  require += info_big[argc];
  (void)argv;
  return require;
}


